<?xml version="1.0" encoding="utf-8"?><testsuites><testsuite name="pytest" errors="0" failures="0" skipped="0" tests="25" time="7.585" timestamp="2026-09-22T20:39:31.907303-04:00" hostname="8a89eb542b0a"><testcase classname="tests.test_scenario" name="test_three_beat_scenario" time="6.630" /><testcase classname="tests.test_service" name="test_requires_strong_distinct_keys" time="0.001" /><testcase classname="tests.test_service" name="test_auth_boundaries" time="0.017" /><testcase classname="tests.test_service" name="test_reject_invalid_request[payload0]" time="0.009" /><testcase classname="tests.test_service" name="test_reject_invalid_request[payload1]" time="0.007" /><testcase classname="tests.test_service" name="test_reject_invalid_request[payload2]" time="0.007" /><testcase classname="tests.test_service" name="test_reject_invalid_request[payload3]" time="0.007" /><testcase classname="tests.test_service" name="test_reject_invalid_request[payload4]" time="0.007" /><testcase classname="tests.test_service" name="test_reject_invalid_request[payload5]" time="0.006" /><testcase classname="tests.test_service" name="test_reject_invalid_request[payload6]" time="0.008" /><testcase classname="tests.test_service" name="test_reject_invalid_request[payload7]" time="0.006" /><testcase classname="tests.test_service" name="test_reject_invalid_request[payload8]" time="0.007" /><testcase classname="tests.test_service" name="test_reject_invalid_request[payload9]" time="0.006" /><testcase classname="tests.test_service" name="test_asset_upload_and_invalid_image" time="0.040" /><testcase classname="tests.test_service" name="test_prompt_and_missing_preset" time="0.010" /><testcase classname="tests.test_service" name="test_claim_is_atomic" time="0.013" /><testcase classname="tests.test_service" name="test_expired_worker_cannot_finish_or_heartbeat" time="0.009" /><testcase classname="tests.test_service" name="test_expiry_attempt_limit" time="0.009" /><testcase classname="tests.test_service" name="test_queue_limit" time="0.050" /><testcase classname="tests.test_service" name="test_preview_complete_download_and_continuation" time="0.296" /><testcase classname="tests.test_service" name="test_cannot_continue_unfinished_job" time="0.011" /><testcase classname="tests.test_service" name="test_invalid_output_never_publishes" time="0.188" /><testcase classname="tests.test_service" name="test_native_command_matches_upstream_contract" time="0.000" /><testcase classname="tests.test_service" name="test_worker_backend_mismatch_leaves_queue_untouched" time="0.016" /><testcase classname="tests.test_service" name="test_worker_failure_records_failed_state" time="0.020" /></testsuite></testsuites>